<?xml version="1.0" encoding="UTF-8"?>
<!-- Generated by org.testng.reporters.JUnitReportReporter -->
<testsuite hostname="LAPTOP-46B3GHNG" failures="0" tests="3" name="TestNg.test" time="21.092" errors="0" timestamp="2022-10-07T11:12:17 IST" skipped="0">
  <testcase classname="TestNg.test" name="register" time="6.281"/>
  <testcase classname="TestNg.test" name="login" time="5.280"/>
  <testcase classname="TestNg.test" name="search" time="9.531"/>
</testsuite> <!-- TestNg.test -->
